La génération a démarré 12/01/2016 22:42:45.
     1>Projet "C:\Users\Chucky\Desktop\PrototypeFightEngine\PrototypeFightEngine\PrototypeFightEngine\PrototypeFightEngine.vcxproj" sur le nœud 2 (Build cible(s)).
     1>ClCompile:
         C:\Program Files (x86)\Microsoft Visual Studio 14.0\VC\bin\CL.exe /c /ZI /nologo /W3 /WX- /sdl /Od /Oy- /D WIN32 /D _DEBUG /D _CONSOLE /D _UNICODE /D UNICODE /Gm /EHsc /RTC1 /MDd /GS /fp:precise /Zc:wchar_t /Zc:forScope /Zc:inline /Yu"stdafx.h" /Fp"Debug\PrototypeFightEngine.pch" /Fo"Debug\\" /Fd"Debug\vc140.pdb" /Gd /TP /analyze- /errorReport:prompt PrototypeFightEngine.cpp
         PrototypeFightEngine.cpp
       Link:
         C:\Program Files (x86)\Microsoft Visual Studio 14.0\VC\bin\link.exe /ERRORREPORT:PROMPT /OUT:"C:\Users\Chucky\Desktop\PrototypeFightEngine\PrototypeFightEngine\Debug\PrototypeFightEngine.exe" /INCREMENTAL /NOLOGO kernel32.lib user32.lib gdi32.lib winspool.lib comdlg32.lib advapi32.lib shell32.lib ole32.lib oleaut32.lib uuid.lib odbc32.lib odbccp32.lib /MANIFEST /MANIFESTUAC:"level='asInvoker' uiAccess='false'" /manifest:embed /Debug /PDB:"C:\Users\Chucky\Desktop\PrototypeFightEngine\PrototypeFightEngine\Debug\PrototypeFightEngine.pdb" /SUBSYSTEM:CONSOLE /TLBID:1 /DYNAMICBASE /NXCOMPAT /IMPLIB:"C:\Users\Chucky\Desktop\PrototypeFightEngine\PrototypeFightEngine\Debug\PrototypeFightEngine.lib" /MACHINE:X86 Debug\AbstractArena.obj
         Debug\AbstractAttack.obj
         Debug\AbstractCharacter.obj
         Debug\AbstractManager.obj
         Debug\AbstractObservable.obj
         Debug\AbstractObservateur.obj
         Debug\AbstractState.obj
         Debug\Adventure.obj
         Debug\ArenaManager.obj
         Debug\Combo.obj
         Debug\GameManager.obj
         Debug\Guard.obj
         Debug\Idle.obj
         Debug\InAttack.obj
         Debug\InMovement.obj
         Debug\InputManager.obj
         Debug\Kick.obj
         Debug\MenuManager.obj
         Debug\ModeDeJeu.obj
         Debug\Octopus.obj
         Debug\OneKick.obj
         Debug\OnePunch.obj
         Debug\PlayerManager.obj
         Debug\PrototypeFightEngine.obj
         Debug\Punch.obj
         Debug\QuickFight.obj
         Debug\Rossignol.obj
         Debug\stdafx.obj
         Debug\Stun.obj
         Debug\Tournament.obj
         PrototypeFightEngine.vcxproj -> C:\Users\Chucky\Desktop\PrototypeFightEngine\PrototypeFightEngine\Debug\PrototypeFightEngine.exe
     1>Génération du projet "C:\Users\Chucky\Desktop\PrototypeFightEngine\PrototypeFightEngine\PrototypeFightEngine\PrototypeFightEngine.vcxproj" terminée (Build cible(s)).

La génération a réussi.

Temps écoulé 00:00:02.69
